2026-01-14 04:42:54,045 - INFO - Logging to: C:\Users\pakak\Desktop\Screen Helper\logs\crash_20260114_044254.log
2026-01-14 04:42:54,045 - INFO - Screen Helper starting...
2026-01-14 04:42:55,961 - INFO - Hotkey listener started
2026-01-14 04:43:04,921 - INFO - Short press Q detected (0.18s) - Quick Capture
2026-01-14 04:43:05,380 - ERROR - CRASH:
Traceback (most recent call last):
  File "C:\Users\pakak\Desktop\Screen Helper\app\main_window.py", line 35, in run
    logging.info(f"Starting analysis (Mode: {self.mode})")
    ^^^^^^^
NameError: name 'logging' is not defined. Did you forget to import 'logging'?

During handling of the above exception, another exception occurred:

Traceback (most recent call last):
  File "C:\Users\pakak\Desktop\Screen Helper\app\main_window.py", line 46, in run
    logging.error(f"Analysis Failed: {e}", exc_info=True)
    ^^^^^^^
NameError: name 'logging' is not defined. Did you forget to import 'logging'?
2026-01-14 04:44:15,908 - INFO - Hotkey listener stopped
